2018-Jun-26 10:20:46.172783 INFO [daemon] ecoin v0.1.3.1.0.3()
2018-Jun-26 10:20:46.172916 INFO [daemon] Module folder: ./ecoind
2018-Jun-26 10:20:46.173739 ERROR [checkpoints] WRONG HASH IN CHECKPOINTS!!!
2018-Jun-26 10:20:46.174151 INFO [daemon] Initializing p2p server...
2018-Jun-26 10:20:46.174288 INFO [node_server] Binding on 0.0.0.0:17236
2018-Jun-26 10:20:46.174423 INFO [node_server] Net service binded on 0.0.0.0:17236
2018-Jun-26 10:20:46.174469 INFO [node_server] Attempting to add IGD port mapping.
2018-Jun-26 10:20:50.181148 INFO [node_server] No IGD was found.
2018-Jun-26 10:20:50.181357 INFO [daemon] P2p server initialized OK
2018-Jun-26 10:20:50.181643 INFO [daemon] Initializing core...
2018-Jun-26 10:20:50.181966 INFO [Blockchain] Blockchain not loaded, generating genesis block.
2018-Jun-26 10:20:50.304687 INFO [Blockchain] Blockchain initialized. last block: 0, d168.h1.m47.s5 time ago, current difficulty: 1
2018-Jun-26 10:20:50.307262 INFO [daemon] Core initialized OK
2018-Jun-26 10:20:50.307471 INFO [daemon] Starting core rpc server on address 127.0.0.1:18236
2018-Jun-26 10:20:50.307604 INFO [daemon] Core rpc server started ok
2018-Jun-26 10:20:50.307697 INFO [daemon] Starting p2p net loop...
2018-Jun-26 10:20:50.307778 INFO [node_server] Starting node_server
2018-Jun-26 10:21:05.311576 ERROR [node_server] Failed to connect to any of seed peers, continuing without seeds
2018-Jun-26 10:21:05.311802 INFO [core] 
2018-Jun-26 10:21:05.311802 INFO [core] **********************************************************************
2018-Jun-26 10:21:05.311802 INFO [core] The daemon will start synchronizing with the network. It may take up to several hours.
2018-Jun-26 10:21:05.311802 INFO [core] 
2018-Jun-26 10:21:05.311802 INFO [core] You can set the level of process detailization* through "set_log <level>" command*, where <level> is between 0 (no details) and 4 (very verbose).
2018-Jun-26 10:21:05.311802 INFO [core] 
2018-Jun-26 10:21:05.311802 INFO [core] Use "help" command to see the list of available commands.
2018-Jun-26 10:21:05.311802 INFO [core] 
2018-Jun-26 10:21:05.311802 INFO [core] Note: in case you need to interrupt the process, use "exit" command. Otherwise, the current progress won't be saved.
2018-Jun-26 10:21:05.311802 INFO [core] **********************************************************************
2018-Jun-26 10:21:22.317434 ERROR [node_server] Failed to connect to any of seed peers, continuing without seeds
2018-Jun-26 10:21:25.198741 INFO [node_server] Stop signal sent
2018-Jun-26 10:21:25.199001 INFO [node_server] Stopping NodeServer and it's0 connections...
2018-Jun-26 10:21:35.203529 ERROR [node_server] Failed to connect to any of seed peers, continuing without seeds
2018-Jun-26 10:21:36.204281 INFO [node_server] NodeServer loop stopped
2018-Jun-26 10:21:36.204474 INFO [daemon] p2p net loop stopped
2018-Jun-26 10:21:36.204571 INFO [daemon] Stopping core rpc server...
2018-Jun-26 10:21:36.204922 INFO [daemon] Deinitializing core...
2018-Jun-26 10:21:36.205039 INFO [miner] Mining has been stopped, 0 finished
2018-Jun-26 10:21:36.205275 INFO [Blockchain] Saving blockchain...
2018-Jun-26 10:21:36.206145 INFO [BlockCacheSerializer] - saving block index...
2018-Jun-26 10:21:36.206397 INFO [BlockCacheSerializer] - saving transaction map...
2018-Jun-26 10:21:36.206761 INFO [BlockCacheSerializer] - saving spent keys...
2018-Jun-26 10:21:36.207009 INFO [BlockCacheSerializer] - saving outputs...
2018-Jun-26 10:21:36.207232 INFO [BlockCacheSerializer] - saving multi-signature outputs...
2018-Jun-26 10:21:36.207452 INFO [BlockCacheSerializer] - saving deposit index...
2018-Jun-26 10:21:36.207849 INFO [BlockCacheSerializer] Serialization time: 1ms
2018-Jun-26 10:21:36.208110 INFO [Blockchain] Saving blockchain indices...
2018-Jun-26 10:21:36.208389 INFO [BlockchainIndicesSerializer] - saving paymentID index...
2018-Jun-26 10:21:36.208785 INFO [BlockchainIndicesSerializer] - saving timestamp index...
2018-Jun-26 10:21:36.209027 INFO [BlockchainIndicesSerializer] - saving generated transactions index...
2018-Jun-26 10:21:36.209512 INFO [daemon] Deinitializing p2p...
2018-Jun-26 10:21:36.210372 INFO [miner] Mining has been stopped, 0 finished
2018-Jun-26 10:21:36.211057 INFO [daemon] Node stopped.
2018-Jun-26 10:42:54.634305 INFO [daemon] ecoin v0.1.3.1.0.3()
2018-Jun-26 10:42:54.634691 INFO [daemon] Module folder: ./ecoind
2018-Jun-26 10:42:54.635202 ERROR [checkpoints] WRONG HASH IN CHECKPOINTS!!!
2018-Jun-26 10:42:54.635416 INFO [daemon] Initializing p2p server...
2018-Jun-26 10:42:54.635658 INFO [node_server] Binding on 0.0.0.0:17236
2018-Jun-26 10:42:54.635758 INFO [node_server] Net service binded on 0.0.0.0:17236
2018-Jun-26 10:42:54.635820 INFO [node_server] Attempting to add IGD port mapping.
2018-Jun-26 10:42:58.643054 INFO [node_server] No IGD was found.
2018-Jun-26 10:42:58.643280 INFO [daemon] P2p server initialized OK
2018-Jun-26 10:42:58.643380 INFO [daemon] Initializing core...
2018-Jun-26 10:42:58.643770 INFO [Blockchain] Loading blockchain...
2018-Jun-26 10:42:58.644174 INFO [BlockCacheSerializer] - loading block index...
2018-Jun-26 10:42:58.644285 INFO [BlockCacheSerializer] - loading transaction map...
2018-Jun-26 10:42:58.644371 INFO [BlockCacheSerializer] - loading spent keys...
2018-Jun-26 10:42:58.644448 INFO [BlockCacheSerializer] - loading outputs...
2018-Jun-26 10:42:58.644706 INFO [BlockCacheSerializer] - loading multi-signature outputs...
2018-Jun-26 10:42:58.644786 INFO [BlockCacheSerializer] - loading deposit index...
2018-Jun-26 10:42:58.644862 INFO [BlockCacheSerializer] Serialization time: 0ms
2018-Jun-26 10:42:58.644953 INFO [Blockchain] Loading blockchain indices for BlockchainExplorer...
2018-Jun-26 10:42:58.645630 INFO [BlockchainIndicesSerializer] - loading paymentID index...
2018-Jun-26 10:42:58.645883 INFO [BlockchainIndicesSerializer] - loading timestamp index...
2018-Jun-26 10:42:58.646101 INFO [BlockchainIndicesSerializer] - loading generated transactions index...
2018-Jun-26 10:42:58.646379 INFO [Blockchain] Blockchain initialized. last block: 0, d168.h2.m9.s13 time ago, current difficulty: 1
2018-Jun-26 10:42:58.646803 INFO [daemon] Core initialized OK
2018-Jun-26 10:42:58.647327 INFO [daemon] Starting core rpc server on address 127.0.0.1:18236
2018-Jun-26 10:42:58.647820 INFO [daemon] Core rpc server started ok
2018-Jun-26 10:42:58.648216 INFO [daemon] Starting p2p net loop...
2018-Jun-26 10:42:58.648571 INFO [node_server] Starting node_server
2018-Jun-26 10:43:13.653362 ERROR [node_server] Failed to connect to any of seed peers, continuing without seeds
2018-Jun-26 10:43:13.653580 INFO [core] 
2018-Jun-26 10:43:13.653580 INFO [core] **********************************************************************
2018-Jun-26 10:43:13.653580 INFO [core] The daemon will start synchronizing with the network. It may take up to several hours.
2018-Jun-26 10:43:13.653580 INFO [core] 
2018-Jun-26 10:43:13.653580 INFO [core] You can set the level of process detailization* through "set_log <level>" command*, where <level> is between 0 (no details) and 4 (very verbose).
2018-Jun-26 10:43:13.653580 INFO [core] 
2018-Jun-26 10:43:13.653580 INFO [core] Use "help" command to see the list of available commands.
2018-Jun-26 10:43:13.653580 INFO [core] 
2018-Jun-26 10:43:13.653580 INFO [core] Note: in case you need to interrupt the process, use "exit" command. Otherwise, the current progress won't be saved.
2018-Jun-26 10:43:13.653580 INFO [core] **********************************************************************
2018-Jun-26 10:43:30.659699 ERROR [node_server] Failed to connect to any of seed peers, continuing without seeds
2018-Jun-26 10:43:47.665769 ERROR [node_server] Failed to connect to any of seed peers, continuing without seeds
2018-Jun-26 10:43:58.391147 INFO [node_server] Stop signal sent
2018-Jun-26 10:43:58.391303 INFO [node_server] Stopping NodeServer and it's0 connections...
2018-Jun-26 10:44:03.392259 ERROR [node_server] Failed to connect to any of seed peers, continuing without seeds
2018-Jun-26 10:44:04.392891 INFO [node_server] NodeServer loop stopped
2018-Jun-26 10:44:04.393031 INFO [daemon] p2p net loop stopped
2018-Jun-26 10:44:04.393109 INFO [daemon] Stopping core rpc server...
2018-Jun-26 10:44:04.393218 INFO [daemon] Deinitializing core...
2018-Jun-26 10:44:04.393279 INFO [miner] Mining has been stopped, 0 finished
2018-Jun-26 10:44:04.393574 INFO [Blockchain] Saving blockchain...
2018-Jun-26 10:44:04.394143 INFO [BlockCacheSerializer] - saving block index...
2018-Jun-26 10:44:04.394305 INFO [BlockCacheSerializer] - saving transaction map...
2018-Jun-26 10:44:04.394698 INFO [BlockCacheSerializer] - saving spent keys...
2018-Jun-26 10:44:04.394852 INFO [BlockCacheSerializer] - saving outputs...
2018-Jun-26 10:44:04.394992 INFO [BlockCacheSerializer] - saving multi-signature outputs...
2018-Jun-26 10:44:04.395131 INFO [BlockCacheSerializer] - saving deposit index...
2018-Jun-26 10:44:04.395268 INFO [BlockCacheSerializer] Serialization time: 1ms
2018-Jun-26 10:44:04.395505 INFO [Blockchain] Saving blockchain indices...
2018-Jun-26 10:44:04.396037 INFO [BlockchainIndicesSerializer] - saving paymentID index...
2018-Jun-26 10:44:04.396329 INFO [BlockchainIndicesSerializer] - saving timestamp index...
2018-Jun-26 10:44:04.396485 INFO [BlockchainIndicesSerializer] - saving generated transactions index...
2018-Jun-26 10:44:04.396854 INFO [daemon] Deinitializing p2p...
2018-Jun-26 10:44:04.397870 INFO [miner] Mining has been stopped, 0 finished
2018-Jun-26 10:44:04.398327 INFO [daemon] Node stopped.
2018-Jun-26 11:05:54.992919 INFO [daemon] ecoin v0.1.3.1.0.3()
2018-Jun-26 11:05:54.993653 INFO [daemon] Module folder: ./ecoind
2018-Jun-26 11:05:54.994537 ERROR [checkpoints] WRONG HASH IN CHECKPOINTS!!!
2018-Jun-26 11:05:54.994741 INFO [daemon] Initializing p2p server...
2018-Jun-26 11:05:54.994958 INFO [node_server] Binding on 0.0.0.0:17236
2018-Jun-26 11:05:54.995142 INFO [node_server] Net service binded on 0.0.0.0:17236
2018-Jun-26 11:05:54.995232 INFO [node_server] Attempting to add IGD port mapping.
2018-Jun-26 11:05:59.003497 INFO [node_server] No IGD was found.
2018-Jun-26 11:05:59.003902 INFO [daemon] P2p server initialized OK
2018-Jun-26 11:05:59.004030 INFO [daemon] Initializing core...
2018-Jun-26 11:05:59.004438 INFO [Blockchain] Loading blockchain...
2018-Jun-26 11:05:59.004864 INFO [BlockCacheSerializer] - loading block index...
2018-Jun-26 11:05:59.004995 INFO [BlockCacheSerializer] - loading transaction map...
2018-Jun-26 11:05:59.005093 INFO [BlockCacheSerializer] - loading spent keys...
2018-Jun-26 11:05:59.005908 INFO [BlockCacheSerializer] - loading outputs...
2018-Jun-26 11:05:59.006344 INFO [BlockCacheSerializer] - loading multi-signature outputs...
2018-Jun-26 11:05:59.006613 INFO [BlockCacheSerializer] - loading deposit index...
2018-Jun-26 11:05:59.007053 INFO [BlockCacheSerializer] Serialization time: 2ms
2018-Jun-26 11:05:59.007486 INFO [Blockchain] Loading blockchain indices for BlockchainExplorer...
2018-Jun-26 11:05:59.007997 INFO [BlockchainIndicesSerializer] - loading paymentID index...
2018-Jun-26 11:05:59.008444 INFO [BlockchainIndicesSerializer] - loading timestamp index...
2018-Jun-26 11:05:59.009381 INFO [BlockchainIndicesSerializer] - loading generated transactions index...
2018-Jun-26 11:05:59.009892 INFO [Blockchain] Blockchain initialized. last block: 0, d168.h2.m32.s14 time ago, current difficulty: 1
2018-Jun-26 11:05:59.010354 INFO [daemon] Core initialized OK
2018-Jun-26 11:05:59.011525 INFO [daemon] Starting core rpc server on address 127.0.0.1:18236
2018-Jun-26 11:05:59.012413 INFO [daemon] Core rpc server started ok
2018-Jun-26 11:05:59.013327 INFO [daemon] Starting p2p net loop...
2018-Jun-26 11:05:59.013960 INFO [node_server] Starting node_server
2018-Jun-26 11:06:14.018999 ERROR [node_server] Failed to connect to any of seed peers, continuing without seeds
2018-Jun-26 11:06:14.019412 INFO [core] 
2018-Jun-26 11:06:14.019412 INFO [core] **********************************************************************
2018-Jun-26 11:06:14.019412 INFO [core] The daemon will start synchronizing with the network. It may take up to several hours.
2018-Jun-26 11:06:14.019412 INFO [core] 
2018-Jun-26 11:06:14.019412 INFO [core] You can set the level of process detailization* through "set_log <level>" command*, where <level> is between 0 (no details) and 4 (very verbose).
2018-Jun-26 11:06:14.019412 INFO [core] 
2018-Jun-26 11:06:14.019412 INFO [core] Use "help" command to see the list of available commands.
2018-Jun-26 11:06:14.019412 INFO [core] 
2018-Jun-26 11:06:14.019412 INFO [core] Note: in case you need to interrupt the process, use "exit" command. Otherwise, the current progress won't be saved.
2018-Jun-26 11:06:14.019412 INFO [core] **********************************************************************
2018-Jun-26 11:06:31.026997 ERROR [node_server] Failed to connect to any of seed peers, continuing without seeds
2018-Jun-26 11:06:48.031913 ERROR [node_server] Failed to connect to any of seed peers, continuing without seeds
2018-Jun-26 11:07:04.910007 INFO [node_server] Stop signal sent
2018-Jun-26 11:07:04.910359 INFO [node_server] Stopping NodeServer and it's0 connections...
2018-Jun-26 11:07:04.910837 ERROR [node_server] Failed to connect to any of seed peers, continuing without seeds
2018-Jun-26 11:07:05.911213 INFO [node_server] NodeServer loop stopped
2018-Jun-26 11:07:05.911419 INFO [daemon] p2p net loop stopped
2018-Jun-26 11:07:05.911526 INFO [daemon] Stopping core rpc server...
2018-Jun-26 11:07:05.911702 INFO [daemon] Deinitializing core...
2018-Jun-26 11:07:05.911799 INFO [miner] Mining has been stopped, 0 finished
2018-Jun-26 11:07:05.912514 INFO [Blockchain] Saving blockchain...
2018-Jun-26 11:07:05.913799 INFO [BlockCacheSerializer] - saving block index...
2018-Jun-26 11:07:05.914290 INFO [BlockCacheSerializer] - saving transaction map...
2018-Jun-26 11:07:05.914541 INFO [BlockCacheSerializer] - saving spent keys...
2018-Jun-26 11:07:05.914779 INFO [BlockCacheSerializer] - saving outputs...
2018-Jun-26 11:07:05.915188 INFO [BlockCacheSerializer] - saving multi-signature outputs...
2018-Jun-26 11:07:05.915437 INFO [BlockCacheSerializer] - saving deposit index...
2018-Jun-26 11:07:05.915997 INFO [BlockCacheSerializer] Serialization time: 2ms
2018-Jun-26 11:07:05.916631 INFO [Blockchain] Saving blockchain indices...
2018-Jun-26 11:07:05.917670 INFO [BlockchainIndicesSerializer] - saving paymentID index...
2018-Jun-26 11:07:05.918125 INFO [BlockchainIndicesSerializer] - saving timestamp index...
2018-Jun-26 11:07:05.918391 INFO [BlockchainIndicesSerializer] - saving generated transactions index...
2018-Jun-26 11:07:05.918842 INFO [daemon] Deinitializing p2p...
2018-Jun-26 11:07:05.920319 INFO [miner] Mining has been stopped, 0 finished
2018-Jun-26 11:07:05.921028 INFO [daemon] Node stopped.
2018-Jun-26 11:21:53.744887 INFO [daemon] ecoin v0.1.3.1.0.3()
2018-Jun-26 11:21:53.745018 INFO [daemon] Module folder: ./ecoind
2018-Jun-26 11:21:53.745605 ERROR [checkpoints] WRONG HASH IN CHECKPOINTS!!!
2018-Jun-26 11:21:53.745819 INFO [daemon] Initializing p2p server...
2018-Jun-26 11:21:53.746216 INFO [node_server] Binding on 0.0.0.0:17236
2018-Jun-26 11:21:53.746300 INFO [node_server] Net service binded on 0.0.0.0:17236
2018-Jun-26 11:21:53.746343 INFO [node_server] Attempting to add IGD port mapping.
2018-Jun-26 11:21:57.752377 INFO [node_server] No IGD was found.
2018-Jun-26 11:21:57.752756 INFO [daemon] P2p server initialized OK
2018-Jun-26 11:21:57.752861 INFO [daemon] Initializing core...
2018-Jun-26 11:21:57.753085 INFO [Blockchain] Loading blockchain...
2018-Jun-26 11:21:57.753808 INFO [BlockCacheSerializer] - loading block index...
2018-Jun-26 11:21:57.753930 INFO [BlockCacheSerializer] - loading transaction map...
2018-Jun-26 11:21:57.754018 INFO [BlockCacheSerializer] - loading spent keys...
2018-Jun-26 11:21:57.754097 INFO [BlockCacheSerializer] - loading outputs...
2018-Jun-26 11:21:57.754179 INFO [BlockCacheSerializer] - loading multi-signature outputs...
2018-Jun-26 11:21:57.754260 INFO [BlockCacheSerializer] - loading deposit index...
2018-Jun-26 11:21:57.754339 INFO [BlockCacheSerializer] Serialization time: 0ms
2018-Jun-26 11:21:57.754430 INFO [Blockchain] Loading blockchain indices for BlockchainExplorer...
2018-Jun-26 11:21:57.754747 INFO [BlockchainIndicesSerializer] - loading paymentID index...
2018-Jun-26 11:21:57.754843 INFO [BlockchainIndicesSerializer] - loading timestamp index...
2018-Jun-26 11:21:57.754923 INFO [BlockchainIndicesSerializer] - loading generated transactions index...
2018-Jun-26 11:21:57.755054 INFO [Blockchain] Blockchain initialized. last block: 0, d168.h2.m48.s12 time ago, current difficulty: 1
2018-Jun-26 11:21:57.755158 INFO [daemon] Core initialized OK
2018-Jun-26 11:21:57.755389 INFO [daemon] Starting core rpc server on address 127.0.0.1:18236
2018-Jun-26 11:21:57.755771 INFO [daemon] Core rpc server started ok
2018-Jun-26 11:21:57.755888 INFO [daemon] Starting p2p net loop...
2018-Jun-26 11:21:57.755972 INFO [node_server] Starting node_server
2018-Jun-26 11:22:12.760179 ERROR [node_server] Failed to connect to any of seed peers, continuing without seeds
2018-Jun-26 11:22:12.760556 INFO [core] 
2018-Jun-26 11:22:12.760556 INFO [core] **********************************************************************
2018-Jun-26 11:22:12.760556 INFO [core] The daemon will start synchronizing with the network. It may take up to several hours.
2018-Jun-26 11:22:12.760556 INFO [core] 
2018-Jun-26 11:22:12.760556 INFO [core] You can set the level of process detailization* through "set_log <level>" command*, where <level> is between 0 (no details) and 4 (very verbose).
2018-Jun-26 11:22:12.760556 INFO [core] 
2018-Jun-26 11:22:12.760556 INFO [core] Use "help" command to see the list of available commands.
2018-Jun-26 11:22:12.760556 INFO [core] 
2018-Jun-26 11:22:12.760556 INFO [core] Note: in case you need to interrupt the process, use "exit" command. Otherwise, the current progress won't be saved.
2018-Jun-26 11:22:12.760556 INFO [core] **********************************************************************
2018-Jun-26 11:22:21.184236 INFO [node_server] Stop signal sent
2018-Jun-26 11:22:21.184612 INFO [node_server] Stopping NodeServer and it's0 connections...
2018-Jun-26 11:22:26.187342 ERROR [node_server] Failed to connect to any of seed peers, continuing without seeds
2018-Jun-26 11:22:27.188473 INFO [node_server] NodeServer loop stopped
2018-Jun-26 11:22:27.188659 INFO [daemon] p2p net loop stopped
2018-Jun-26 11:22:27.188760 INFO [daemon] Stopping core rpc server...
2018-Jun-26 11:22:27.188923 INFO [daemon] Deinitializing core...
2018-Jun-26 11:22:27.189017 INFO [miner] Mining has been stopped, 0 finished
2018-Jun-26 11:22:27.189643 INFO [Blockchain] Saving blockchain...
2018-Jun-26 11:22:27.190745 INFO [BlockCacheSerializer] - saving block index...
2018-Jun-26 11:22:27.191006 INFO [BlockCacheSerializer] - saving transaction map...
2018-Jun-26 11:22:27.191503 INFO [BlockCacheSerializer] - saving spent keys...
2018-Jun-26 11:22:27.191723 INFO [BlockCacheSerializer] - saving outputs...
2018-Jun-26 11:22:27.191939 INFO [BlockCacheSerializer] - saving multi-signature outputs...
2018-Jun-26 11:22:27.193080 INFO [BlockCacheSerializer] - saving deposit index...
2018-Jun-26 11:22:27.193452 INFO [BlockCacheSerializer] Serialization time: 2ms
2018-Jun-26 11:22:27.193823 INFO [Blockchain] Saving blockchain indices...
2018-Jun-26 11:22:27.197301 INFO [BlockchainIndicesSerializer] - saving paymentID index...
2018-Jun-26 11:22:27.197657 INFO [BlockchainIndicesSerializer] - saving timestamp index...
2018-Jun-26 11:22:27.197930 INFO [BlockchainIndicesSerializer] - saving generated transactions index...
2018-Jun-26 11:22:27.198534 INFO [daemon] Deinitializing p2p...
2018-Jun-26 11:22:27.200164 INFO [miner] Mining has been stopped, 0 finished
2018-Jun-26 11:22:27.208549 INFO [daemon] Node stopped.
2018-Jun-26 11:48:37.636403 INFO [daemon] ecoin v0.1.3.1.0.3()
2018-Jun-26 11:48:37.636522 INFO [daemon] Module folder: ./ecoind
2018-Jun-26 11:48:37.637364 ERROR [checkpoints] WRONG HASH IN CHECKPOINTS!!!
2018-Jun-26 11:48:37.637513 INFO [daemon] Initializing p2p server...
2018-Jun-26 11:48:37.637892 INFO [node_server] Binding on 0.0.0.0:17236
2018-Jun-26 11:48:37.638033 INFO [node_server] Net service binded on 0.0.0.0:17236
2018-Jun-26 11:48:37.638085 INFO [node_server] Attempting to add IGD port mapping.
2018-Jun-26 11:48:41.645396 INFO [node_server] No IGD was found.
2018-Jun-26 11:48:41.645606 INFO [daemon] P2p server initialized OK
2018-Jun-26 11:48:41.645702 INFO [daemon] Initializing core...
2018-Jun-26 11:48:41.646097 INFO [Blockchain] Loading blockchain...
2018-Jun-26 11:48:41.646329 INFO [BlockCacheSerializer] - loading block index...
2018-Jun-26 11:48:41.646434 INFO [BlockCacheSerializer] - loading transaction map...
2018-Jun-26 11:48:41.646519 INFO [BlockCacheSerializer] - loading spent keys...
2018-Jun-26 11:48:41.646595 INFO [BlockCacheSerializer] - loading outputs...
2018-Jun-26 11:48:41.646674 INFO [BlockCacheSerializer] - loading multi-signature outputs...
2018-Jun-26 11:48:41.646755 INFO [BlockCacheSerializer] - loading deposit index...
2018-Jun-26 11:48:41.646979 INFO [BlockCacheSerializer] Serialization time: 0ms
2018-Jun-26 11:48:41.647083 INFO [Blockchain] Loading blockchain indices for BlockchainExplorer...
2018-Jun-26 11:48:41.647226 INFO [BlockchainIndicesSerializer] - loading paymentID index...
2018-Jun-26 11:48:41.647316 INFO [BlockchainIndicesSerializer] - loading timestamp index...
2018-Jun-26 11:48:41.647393 INFO [BlockchainIndicesSerializer] - loading generated transactions index...
2018-Jun-26 11:48:41.647520 INFO [Blockchain] Blockchain initialized. last block: 0, d168.h3.m14.s56 time ago, current difficulty: 1
2018-Jun-26 11:48:41.647622 INFO [daemon] Core initialized OK
2018-Jun-26 11:48:41.647999 INFO [daemon] Starting core rpc server on address 127.0.0.1:18236
2018-Jun-26 11:48:41.648210 INFO [daemon] Core rpc server started ok
2018-Jun-26 11:48:41.648321 INFO [daemon] Starting p2p net loop...
2018-Jun-26 11:48:41.648403 INFO [node_server] Starting node_server
2018-Jun-26 11:48:56.652183 ERROR [node_server] Failed to connect to any of seed peers, continuing without seeds
2018-Jun-26 11:48:56.652575 INFO [core] 
2018-Jun-26 11:48:56.652575 INFO [core] **********************************************************************
2018-Jun-26 11:48:56.652575 INFO [core] The daemon will start synchronizing with the network. It may take up to several hours.
2018-Jun-26 11:48:56.652575 INFO [core] 
2018-Jun-26 11:48:56.652575 INFO [core] You can set the level of process detailization* through "set_log <level>" command*, where <level> is between 0 (no details) and 4 (very verbose).
2018-Jun-26 11:48:56.652575 INFO [core] 
2018-Jun-26 11:48:56.652575 INFO [core] Use "help" command to see the list of available commands.
2018-Jun-26 11:48:56.652575 INFO [core] 
2018-Jun-26 11:48:56.652575 INFO [core] Note: in case you need to interrupt the process, use "exit" command. Otherwise, the current progress won't be saved.
2018-Jun-26 11:48:56.652575 INFO [core] **********************************************************************
2018-Jun-26 11:49:13.659530 ERROR [node_server] Failed to connect to any of seed peers, continuing without seeds
2018-Jun-26 11:49:16.747390 INFO [node_server] Stop signal sent
2018-Jun-26 11:49:16.747787 INFO [node_server] Stopping NodeServer and it's0 connections...
2018-Jun-26 11:49:26.750500 ERROR [node_server] Failed to connect to any of seed peers, continuing without seeds
2018-Jun-26 11:49:27.751021 INFO [node_server] NodeServer loop stopped
2018-Jun-26 11:49:27.751207 INFO [daemon] p2p net loop stopped
2018-Jun-26 11:49:27.751497 INFO [daemon] Stopping core rpc server...
2018-Jun-26 11:49:27.751664 INFO [daemon] Deinitializing core...
2018-Jun-26 11:49:27.751891 INFO [miner] Mining has been stopped, 0 finished
2018-Jun-26 11:49:27.752341 INFO [Blockchain] Saving blockchain...
2018-Jun-26 11:49:27.753089 INFO [BlockCacheSerializer] - saving block index...
2018-Jun-26 11:49:27.753609 INFO [BlockCacheSerializer] - saving transaction map...
2018-Jun-26 11:49:27.754024 INFO [BlockCacheSerializer] - saving spent keys...
2018-Jun-26 11:49:27.754256 INFO [BlockCacheSerializer] - saving outputs...
2018-Jun-26 11:49:27.754994 INFO [BlockCacheSerializer] - saving multi-signature outputs...
2018-Jun-26 11:49:27.755241 INFO [BlockCacheSerializer] - saving deposit index...
2018-Jun-26 11:49:27.755634 INFO [BlockCacheSerializer] Serialization time: 2ms
2018-Jun-26 11:49:27.756266 INFO [Blockchain] Saving blockchain indices...
2018-Jun-26 11:49:27.757181 INFO [BlockchainIndicesSerializer] - saving paymentID index...
2018-Jun-26 11:49:27.757744 INFO [BlockchainIndicesSerializer] - saving timestamp index...
2018-Jun-26 11:49:27.758244 INFO [BlockchainIndicesSerializer] - saving generated transactions index...
2018-Jun-26 11:49:27.758623 INFO [daemon] Deinitializing p2p...
2018-Jun-26 11:49:27.760038 INFO [miner] Mining has been stopped, 0 finished
2018-Jun-26 11:49:27.760530 INFO [daemon] Node stopped.
2018-Jun-26 11:52:34.300036 INFO [daemon] ecoin v0.1.3.1.0.3()
2018-Jun-26 11:52:34.300214 INFO [daemon] Module folder: ./ecoind
2018-Jun-26 11:52:34.301020 ERROR [checkpoints] WRONG HASH IN CHECKPOINTS!!!
2018-Jun-26 11:52:34.301235 INFO [daemon] Initializing p2p server...
2018-Jun-26 11:52:34.301426 INFO [node_server] Binding on 0.0.0.0:17236
2018-Jun-26 11:52:34.301525 INFO [node_server] Net service binded on 0.0.0.0:17236
2018-Jun-26 11:52:34.301677 INFO [node_server] Attempting to add IGD port mapping.
2018-Jun-26 11:52:38.308698 INFO [node_server] No IGD was found.
2018-Jun-26 11:52:38.308922 INFO [daemon] P2p server initialized OK
2018-Jun-26 11:52:38.309022 INFO [daemon] Initializing core...
2018-Jun-26 11:52:38.309232 INFO [Blockchain] Loading blockchain...
2018-Jun-26 11:52:38.309888 INFO [BlockCacheSerializer] - loading block index...
2018-Jun-26 11:52:38.310023 INFO [BlockCacheSerializer] - loading transaction map...
2018-Jun-26 11:52:38.310115 INFO [BlockCacheSerializer] - loading spent keys...
2018-Jun-26 11:52:38.310191 INFO [BlockCacheSerializer] - loading outputs...
2018-Jun-26 11:52:38.310272 INFO [BlockCacheSerializer] - loading multi-signature outputs...
2018-Jun-26 11:52:38.310494 INFO [BlockCacheSerializer] - loading deposit index...
2018-Jun-26 11:52:38.310586 INFO [BlockCacheSerializer] Serialization time: 0ms
2018-Jun-26 11:52:38.310676 INFO [Blockchain] Loading blockchain indices for BlockchainExplorer...
2018-Jun-26 11:52:38.311028 INFO [BlockchainIndicesSerializer] - loading paymentID index...
2018-Jun-26 11:52:38.311133 INFO [BlockchainIndicesSerializer] - loading timestamp index...
2018-Jun-26 11:52:38.311214 INFO [BlockchainIndicesSerializer] - loading generated transactions index...
2018-Jun-26 11:52:38.311618 INFO [Blockchain] Blockchain initialized. last block: 0, d168.h3.m18.s53 time ago, current difficulty: 1
2018-Jun-26 11:52:38.311739 INFO [daemon] Core initialized OK
2018-Jun-26 11:52:38.311948 INFO [daemon] Starting core rpc server on address 127.0.0.1:18236
2018-Jun-26 11:52:38.312153 INFO [daemon] Core rpc server started ok
2018-Jun-26 11:52:38.312259 INFO [daemon] Starting p2p net loop...
2018-Jun-26 11:52:38.312494 INFO [node_server] Starting node_server
2018-Jun-26 11:52:53.316328 ERROR [node_server] Failed to connect to any of seed peers, continuing without seeds
2018-Jun-26 11:52:53.316746 INFO [core] 
2018-Jun-26 11:52:53.316746 INFO [core] **********************************************************************
2018-Jun-26 11:52:53.316746 INFO [core] The daemon will start synchronizing with the network. It may take up to several hours.
2018-Jun-26 11:52:53.316746 INFO [core] 
2018-Jun-26 11:52:53.316746 INFO [core] You can set the level of process detailization* through "set_log <level>" command*, where <level> is between 0 (no details) and 4 (very verbose).
2018-Jun-26 11:52:53.316746 INFO [core] 
2018-Jun-26 11:52:53.316746 INFO [core] Use "help" command to see the list of available commands.
2018-Jun-26 11:52:53.316746 INFO [core] 
2018-Jun-26 11:52:53.316746 INFO [core] Note: in case you need to interrupt the process, use "exit" command. Otherwise, the current progress won't be saved.
2018-Jun-26 11:52:53.316746 INFO [core] **********************************************************************
2018-Jun-26 11:53:04.153981 INFO [node_server] Stop signal sent
2018-Jun-26 11:53:04.154432 INFO [node_server] Stopping NodeServer and it's0 connections...
2018-Jun-26 11:53:09.156557 ERROR [node_server] Failed to connect to any of seed peers, continuing without seeds
2018-Jun-26 11:53:10.157097 INFO [node_server] NodeServer loop stopped
2018-Jun-26 11:53:10.157305 INFO [daemon] p2p net loop stopped
2018-Jun-26 11:53:10.157405 INFO [daemon] Stopping core rpc server...
2018-Jun-26 11:53:10.157567 INFO [daemon] Deinitializing core...
2018-Jun-26 11:53:10.157659 INFO [miner] Mining has been stopped, 0 finished
2018-Jun-26 11:53:10.158229 INFO [Blockchain] Saving blockchain...
2018-Jun-26 11:53:10.159082 INFO [BlockCacheSerializer] - saving block index...
2018-Jun-26 11:53:10.159352 INFO [BlockCacheSerializer] - saving transaction map...
2018-Jun-26 11:53:10.159579 INFO [BlockCacheSerializer] - saving spent keys...
2018-Jun-26 11:53:10.159942 INFO [BlockCacheSerializer] - saving outputs...
2018-Jun-26 11:53:10.160186 INFO [BlockCacheSerializer] - saving multi-signature outputs...
2018-Jun-26 11:53:10.160404 INFO [BlockCacheSerializer] - saving deposit index...
2018-Jun-26 11:53:10.160617 INFO [BlockCacheSerializer] Serialization time: 1ms
2018-Jun-26 11:53:10.161236 INFO [Blockchain] Saving blockchain indices...
2018-Jun-26 11:53:10.165250 INFO [BlockchainIndicesSerializer] - saving paymentID index...
2018-Jun-26 11:53:10.165510 INFO [BlockchainIndicesSerializer] - saving timestamp index...
2018-Jun-26 11:53:10.165928 INFO [BlockchainIndicesSerializer] - saving generated transactions index...
2018-Jun-26 11:53:10.166322 INFO [daemon] Deinitializing p2p...
2018-Jun-26 11:53:10.167631 INFO [miner] Mining has been stopped, 0 finished
2018-Jun-26 11:53:10.168309 INFO [daemon] Node stopped.
2018-Jun-26 11:54:46.659766 INFO [daemon] ecoin v0.1.3.1.0.3()
2018-Jun-26 11:54:46.659959 INFO [daemon] Module folder: ./ecoind
2018-Jun-26 11:54:46.660462 ERROR [checkpoints] WRONG HASH IN CHECKPOINTS!!!
2018-Jun-26 11:54:46.660614 INFO [daemon] Initializing p2p server...
2018-Jun-26 11:54:46.661186 INFO [node_server] Binding on 0.0.0.0:17236
2018-Jun-26 11:54:46.661316 INFO [node_server] Net service binded on 0.0.0.0:17236
2018-Jun-26 11:54:46.661400 INFO [node_server] Attempting to add IGD port mapping.
2018-Jun-26 11:54:50.667963 INFO [node_server] No IGD was found.
2018-Jun-26 11:54:50.668157 INFO [daemon] P2p server initialized OK
2018-Jun-26 11:54:50.668255 INFO [daemon] Initializing core...
2018-Jun-26 11:54:50.668475 INFO [Blockchain] Loading blockchain...
2018-Jun-26 11:54:50.668871 INFO [BlockCacheSerializer] - loading block index...
2018-Jun-26 11:54:50.668982 INFO [BlockCacheSerializer] - loading transaction map...
2018-Jun-26 11:54:50.669068 INFO [BlockCacheSerializer] - loading spent keys...
2018-Jun-26 11:54:50.669145 INFO [BlockCacheSerializer] - loading outputs...
2018-Jun-26 11:54:50.669885 INFO [BlockCacheSerializer] - loading multi-signature outputs...
2018-Jun-26 11:54:50.670122 INFO [BlockCacheSerializer] - loading deposit index...
2018-Jun-26 11:54:50.670340 INFO [BlockCacheSerializer] Serialization time: 1ms
2018-Jun-26 11:54:50.670795 INFO [Blockchain] Loading blockchain indices for BlockchainExplorer...
2018-Jun-26 11:54:50.671237 INFO [BlockchainIndicesSerializer] - loading paymentID index...
2018-Jun-26 11:54:50.671632 INFO [BlockchainIndicesSerializer] - loading timestamp index...
2018-Jun-26 11:54:50.671862 INFO [BlockchainIndicesSerializer] - loading generated transactions index...
2018-Jun-26 11:54:50.672138 INFO [Blockchain] Blockchain initialized. last block: 0, d168.h3.m21.s5 time ago, current difficulty: 1
2018-Jun-26 11:54:50.672378 INFO [daemon] Core initialized OK
2018-Jun-26 11:54:50.672885 INFO [daemon] Starting core rpc server on address 127.0.0.1:18236
2018-Jun-26 11:54:50.673615 INFO [daemon] Core rpc server started ok
2018-Jun-26 11:54:50.674013 INFO [daemon] Starting p2p net loop...
2018-Jun-26 11:54:50.674241 INFO [node_server] Starting node_server
2018-Jun-26 11:55:05.677970 ERROR [node_server] Failed to connect to any of seed peers, continuing without seeds
2018-Jun-26 11:55:05.678128 INFO [core] 
2018-Jun-26 11:55:05.678128 INFO [core] **********************************************************************
2018-Jun-26 11:55:05.678128 INFO [core] The daemon will start synchronizing with the network. It may take up to several hours.
2018-Jun-26 11:55:05.678128 INFO [core] 
2018-Jun-26 11:55:05.678128 INFO [core] You can set the level of process detailization* through "set_log <level>" command*, where <level> is between 0 (no details) and 4 (very verbose).
2018-Jun-26 11:55:05.678128 INFO [core] 
2018-Jun-26 11:55:05.678128 INFO [core] Use "help" command to see the list of available commands.
2018-Jun-26 11:55:05.678128 INFO [core] 
2018-Jun-26 11:55:05.678128 INFO [core] Note: in case you need to interrupt the process, use "exit" command. Otherwise, the current progress won't be saved.
2018-Jun-26 11:55:05.678128 INFO [core] **********************************************************************
2018-Jun-26 11:55:13.006737 INFO [node_server] Stop signal sent
2018-Jun-26 11:55:13.007013 INFO [node_server] Stopping NodeServer and it's0 connections...
2018-Jun-26 11:55:18.008434 ERROR [node_server] Failed to connect to any of seed peers, continuing without seeds
2018-Jun-26 11:55:19.009280 INFO [node_server] NodeServer loop stopped
2018-Jun-26 11:55:19.009613 INFO [daemon] p2p net loop stopped
2018-Jun-26 11:55:19.009716 INFO [daemon] Stopping core rpc server...
2018-Jun-26 11:55:19.009895 INFO [daemon] Deinitializing core...
2018-Jun-26 11:55:19.009987 INFO [miner] Mining has been stopped, 0 finished
2018-Jun-26 11:55:19.010409 INFO [Blockchain] Saving blockchain...
2018-Jun-26 11:55:19.011238 INFO [BlockCacheSerializer] - saving block index...
2018-Jun-26 11:55:19.011669 INFO [BlockCacheSerializer] - saving transaction map...
2018-Jun-26 11:55:19.011904 INFO [BlockCacheSerializer] - saving spent keys...
2018-Jun-26 11:55:19.012124 INFO [BlockCacheSerializer] - saving outputs...
2018-Jun-26 11:55:19.012496 INFO [BlockCacheSerializer] - saving multi-signature outputs...
2018-Jun-26 11:55:19.012732 INFO [BlockCacheSerializer] - saving deposit index...
2018-Jun-26 11:55:19.012947 INFO [BlockCacheSerializer] Serialization time: 1ms
2018-Jun-26 11:55:19.017298 INFO [Blockchain] Saving blockchain indices...
2018-Jun-26 11:55:19.018011 INFO [BlockchainIndicesSerializer] - saving paymentID index...
2018-Jun-26 11:55:19.018410 INFO [BlockchainIndicesSerializer] - saving timestamp index...
2018-Jun-26 11:55:19.018652 INFO [BlockchainIndicesSerializer] - saving generated transactions index...
2018-Jun-26 11:55:19.019017 INFO [daemon] Deinitializing p2p...
2018-Jun-26 11:55:19.020410 INFO [miner] Mining has been stopped, 0 finished
2018-Jun-26 11:55:19.020896 INFO [daemon] Node stopped.
2018-Jun-26 15:20:15.961999 INFO [daemon] ecoin v0.1.3.1.0.3()
2018-Jun-26 15:20:15.964072 INFO [daemon] Module folder: ./ecoind
2018-Jun-26 15:20:15.971396 ERROR [checkpoints] WRONG HASH IN CHECKPOINTS!!!
2018-Jun-26 15:20:15.971531 INFO [daemon] Initializing p2p server...
2018-Jun-26 15:20:15.972294 INFO [node_server] Binding on 0.0.0.0:17236
2018-Jun-26 15:20:15.972391 INFO [node_server] Net service binded on 0.0.0.0:17236
2018-Jun-26 15:20:15.972427 INFO [node_server] Attempting to add IGD port mapping.
2018-Jun-26 15:20:19.980074 INFO [node_server] No IGD was found.
2018-Jun-26 15:20:19.980193 INFO [daemon] P2p server initialized OK
2018-Jun-26 15:20:19.980246 INFO [daemon] Initializing core...
2018-Jun-26 15:20:19.985137 INFO [Blockchain] Loading blockchain...
2018-Jun-26 15:20:19.986971 INFO [BlockCacheSerializer] - loading block index...
2018-Jun-26 15:20:19.987745 INFO [BlockCacheSerializer] - loading transaction map...
2018-Jun-26 15:20:19.987927 INFO [BlockCacheSerializer] - loading spent keys...
2018-Jun-26 15:20:19.988056 INFO [BlockCacheSerializer] - loading outputs...
2018-Jun-26 15:20:19.988179 INFO [BlockCacheSerializer] - loading multi-signature outputs...
2018-Jun-26 15:20:19.988300 INFO [BlockCacheSerializer] - loading deposit index...
2018-Jun-26 15:20:19.988418 INFO [BlockCacheSerializer] Serialization time: 1ms
2018-Jun-26 15:20:19.988561 INFO [Blockchain] Loading blockchain indices for BlockchainExplorer...
2018-Jun-26 15:20:19.989427 INFO [BlockchainIndicesSerializer] - loading paymentID index...
2018-Jun-26 15:20:19.989605 INFO [BlockchainIndicesSerializer] - loading timestamp index...
2018-Jun-26 15:20:19.989823 INFO [BlockchainIndicesSerializer] - loading generated transactions index...
2018-Jun-26 15:20:19.989987 INFO [Blockchain] Blockchain initialized. last block: 0, d168.h6.m46.s34 time ago, current difficulty: 1
2018-Jun-26 15:20:19.990122 INFO [daemon] Core initialized OK
2018-Jun-26 15:20:19.990328 INFO [daemon] Starting core rpc server on address 127.0.0.1:18236
2018-Jun-26 15:20:19.990522 INFO [daemon] Core rpc server started ok
2018-Jun-26 15:20:19.993323 INFO [daemon] Starting p2p net loop...
2018-Jun-26 15:20:19.993481 INFO [node_server] Starting node_server
2018-Jun-26 15:20:35.000756 ERROR [node_server] Failed to connect to any of seed peers, continuing without seeds
2018-Jun-26 15:20:35.000988 INFO [core] 
2018-Jun-26 15:20:35.000988 INFO [core] **********************************************************************
2018-Jun-26 15:20:35.000988 INFO [core] The daemon will start synchronizing with the network. It may take up to several hours.
2018-Jun-26 15:20:35.000988 INFO [core] 
2018-Jun-26 15:20:35.000988 INFO [core] You can set the level of process detailization* through "set_log <level>" command*, where <level> is between 0 (no details) and 4 (very verbose).
2018-Jun-26 15:20:35.000988 INFO [core] 
2018-Jun-26 15:20:35.000988 INFO [core] Use "help" command to see the list of available commands.
2018-Jun-26 15:20:35.000988 INFO [core] 
2018-Jun-26 15:20:35.000988 INFO [core] Note: in case you need to interrupt the process, use "exit" command. Otherwise, the current progress won't be saved.
2018-Jun-26 15:20:35.000988 INFO [core] **********************************************************************
2018-Jun-26 15:20:52.006381 ERROR [node_server] Failed to connect to any of seed peers, continuing without seeds
2018-Jun-26 15:21:09.010754 ERROR [node_server] Failed to connect to any of seed peers, continuing without seeds
2018-Jun-26 15:21:26.015511 ERROR [node_server] Failed to connect to any of seed peers, continuing without seeds
2018-Jun-26 15:21:43.020415 ERROR [node_server] Failed to connect to any of seed peers, continuing without seeds
2018-Jun-26 15:22:00.025942 ERROR [node_server] Failed to connect to any of seed peers, continuing without seeds
2018-Jun-26 15:22:17.031646 ERROR [node_server] Failed to connect to any of seed peers, continuing without seeds
2018-Jun-26 15:22:34.035692 ERROR [node_server] Failed to connect to any of seed peers, continuing without seeds
2018-Jun-26 15:22:51.041066 ERROR [node_server] Failed to connect to any of seed peers, continuing without seeds
2018-Jun-26 15:23:08.046407 ERROR [node_server] Failed to connect to any of seed peers, continuing without seeds
2018-Jun-26 15:23:25.050088 ERROR [node_server] Failed to connect to any of seed peers, continuing without seeds
2018-Jun-26 15:23:42.056107 ERROR [node_server] Failed to connect to any of seed peers, continuing without seeds
2018-Jun-26 15:23:59.060085 ERROR [node_server] Failed to connect to any of seed peers, continuing without seeds
2018-Jun-26 15:24:16.064968 ERROR [node_server] Failed to connect to any of seed peers, continuing without seeds
2018-Jun-26 15:24:33.069627 ERROR [node_server] Failed to connect to any of seed peers, continuing without seeds
2018-Jun-26 15:24:50.074639 ERROR [node_server] Failed to connect to any of seed peers, continuing without seeds
2018-Jun-26 15:25:07.080306 ERROR [node_server] Failed to connect to any of seed peers, continuing without seeds
2018-Jun-26 15:25:24.084785 ERROR [node_server] Failed to connect to any of seed peers, continuing without seeds
2018-Jun-26 15:25:41.088953 ERROR [node_server] Failed to connect to any of seed peers, continuing without seeds
2018-Jun-26 15:25:58.094627 ERROR [node_server] Failed to connect to any of seed peers, continuing without seeds
2018-Jun-26 15:26:15.098393 ERROR [node_server] Failed to connect to any of seed peers, continuing without seeds
2018-Jun-26 15:26:32.102806 ERROR [node_server] Failed to connect to any of seed peers, continuing without seeds
2018-Jun-26 15:26:49.107192 ERROR [node_server] Failed to connect to any of seed peers, continuing without seeds
2018-Jun-26 15:27:06.111287 ERROR [node_server] Failed to connect to any of seed peers, continuing without seeds
2018-Jun-26 15:27:23.116306 ERROR [node_server] Failed to connect to any of seed peers, continuing without seeds
2018-Jun-26 15:27:40.119909 ERROR [node_server] Failed to connect to any of seed peers, continuing without seeds
2018-Jun-26 15:27:57.126196 ERROR [node_server] Failed to connect to any of seed peers, continuing without seeds
2018-Jun-26 15:28:14.131571 ERROR [node_server] Failed to connect to any of seed peers, continuing without seeds
2018-Jun-26 15:28:31.136277 ERROR [node_server] Failed to connect to any of seed peers, continuing without seeds
2018-Jun-26 15:28:48.141272 ERROR [node_server] Failed to connect to any of seed peers, continuing without seeds
2018-Jun-26 15:29:05.144515 ERROR [node_server] Failed to connect to any of seed peers, continuing without seeds
2018-Jun-26 15:29:22.150899 ERROR [node_server] Failed to connect to any of seed peers, continuing without seeds
2018-Jun-26 15:29:39.154637 ERROR [node_server] Failed to connect to any of seed peers, continuing without seeds
2018-Jun-26 15:29:56.157978 ERROR [node_server] Failed to connect to any of seed peers, continuing without seeds
2018-Jun-26 15:30:13.164571 ERROR [node_server] Failed to connect to any of seed peers, continuing without seeds
2018-Jun-26 15:30:30.169572 ERROR [node_server] Failed to connect to any of seed peers, continuing without seeds
2018-Jun-26 15:30:44.895608 INFO [node_server] Stop signal sent
2018-Jun-26 15:30:44.895853 INFO [node_server] Stopping NodeServer and it's0 connections...
2018-Jun-26 15:30:44.896199 ERROR [node_server] Failed to connect to any of seed peers, continuing without seeds
2018-Jun-26 15:30:45.897079 INFO [node_server] NodeServer loop stopped
2018-Jun-26 15:30:45.897260 INFO [daemon] p2p net loop stopped
2018-Jun-26 15:30:45.897709 INFO [daemon] Stopping core rpc server...
2018-Jun-26 15:30:45.897900 INFO [daemon] Deinitializing core...
2018-Jun-26 15:30:45.897997 INFO [miner] Mining has been stopped, 0 finished
2018-Jun-26 15:30:45.898405 INFO [Blockchain] Saving blockchain...
2018-Jun-26 15:30:45.899375 INFO [BlockCacheSerializer] - saving block index...
2018-Jun-26 15:30:45.899789 INFO [BlockCacheSerializer] - saving transaction map...
2018-Jun-26 15:30:45.900160 INFO [BlockCacheSerializer] - saving spent keys...
2018-Jun-26 15:30:45.900382 INFO [BlockCacheSerializer] - saving outputs...
2018-Jun-26 15:30:45.900742 INFO [BlockCacheSerializer] - saving multi-signature outputs...
2018-Jun-26 15:30:45.900964 INFO [BlockCacheSerializer] - saving deposit index...
2018-Jun-26 15:30:45.901342 INFO [BlockCacheSerializer] Serialization time: 1ms
2018-Jun-26 15:30:45.901852 INFO [Blockchain] Saving blockchain indices...
2018-Jun-26 15:30:45.902677 INFO [BlockchainIndicesSerializer] - saving paymentID index...
2018-Jun-26 15:30:45.902926 INFO [BlockchainIndicesSerializer] - saving timestamp index...
2018-Jun-26 15:30:45.903389 INFO [BlockchainIndicesSerializer] - saving generated transactions index...
2018-Jun-26 15:30:45.903912 INFO [daemon] Deinitializing p2p...
2018-Jun-26 15:30:45.905357 INFO [miner] Mining has been stopped, 0 finished
2018-Jun-26 15:30:45.905983 INFO [daemon] Node stopped.
2018-Jun-26 15:30:53.589868 INFO [daemon] ecoin v0.1.3.1.0.3()
2018-Jun-26 15:30:53.589988 INFO [daemon] Module folder: ./ecoind
2018-Jun-26 15:30:53.590560 ERROR [checkpoints] WRONG HASH IN CHECKPOINTS!!!
2018-Jun-26 15:30:53.590708 INFO [daemon] Initializing p2p server...
2018-Jun-26 15:30:53.590889 INFO [node_server] Binding on 0.0.0.0:17236
2018-Jun-26 15:30:53.590987 INFO [node_server] Net service binded on 0.0.0.0:17236
2018-Jun-26 15:30:53.591032 INFO [node_server] Attempting to add IGD port mapping.
2018-Jun-26 15:30:57.598901 INFO [node_server] No IGD was found.
2018-Jun-26 15:30:57.599240 INFO [daemon] P2p server initialized OK
2018-Jun-26 15:30:57.599477 INFO [daemon] Initializing core...
2018-Jun-26 15:30:57.599706 INFO [Blockchain] Loading blockchain...
2018-Jun-26 15:30:57.599970 INFO [BlockCacheSerializer] - loading block index...
2018-Jun-26 15:30:57.600400 INFO [BlockCacheSerializer] - loading transaction map...
2018-Jun-26 15:30:57.600508 INFO [BlockCacheSerializer] - loading spent keys...
2018-Jun-26 15:30:57.600587 INFO [BlockCacheSerializer] - loading outputs...
2018-Jun-26 15:30:57.600667 INFO [BlockCacheSerializer] - loading multi-signature outputs...
2018-Jun-26 15:30:57.600747 INFO [BlockCacheSerializer] - loading deposit index...
2018-Jun-26 15:30:57.600824 INFO [BlockCacheSerializer] Serialization time: 0ms
2018-Jun-26 15:30:57.600913 INFO [Blockchain] Loading blockchain indices for BlockchainExplorer...
2018-Jun-26 15:30:57.601060 INFO [BlockchainIndicesSerializer] - loading paymentID index...
2018-Jun-26 15:30:57.601151 INFO [BlockchainIndicesSerializer] - loading timestamp index...
2018-Jun-26 15:30:57.601229 INFO [BlockchainIndicesSerializer] - loading generated transactions index...
2018-Jun-26 15:30:57.601516 INFO [Blockchain] Blockchain initialized. last block: 0, d168.h6.m57.s12 time ago, current difficulty: 1
2018-Jun-26 15:30:57.601622 INFO [daemon] Core initialized OK
2018-Jun-26 15:30:57.601833 INFO [daemon] Starting core rpc server on address 127.0.0.1:18236
2018-Jun-26 15:30:57.602032 INFO [daemon] Core rpc server started ok
2018-Jun-26 15:30:57.602140 INFO [daemon] Starting p2p net loop...
2018-Jun-26 15:30:57.602368 INFO [node_server] Starting node_server
2018-Jun-26 15:31:12.607476 ERROR [node_server] Failed to connect to any of seed peers, continuing without seeds
2018-Jun-26 15:31:12.607698 INFO [core] 
2018-Jun-26 15:31:12.607698 INFO [core] **********************************************************************
2018-Jun-26 15:31:12.607698 INFO [core] The daemon will start synchronizing with the network. It may take up to several hours.
2018-Jun-26 15:31:12.607698 INFO [core] 
2018-Jun-26 15:31:12.607698 INFO [core] You can set the level of process detailization* through "set_log <level>" command*, where <level> is between 0 (no details) and 4 (very verbose).
2018-Jun-26 15:31:12.607698 INFO [core] 
2018-Jun-26 15:31:12.607698 INFO [core] Use "help" command to see the list of available commands.
2018-Jun-26 15:31:12.607698 INFO [core] 
2018-Jun-26 15:31:12.607698 INFO [core] Note: in case you need to interrupt the process, use "exit" command. Otherwise, the current progress won't be saved.
2018-Jun-26 15:31:12.607698 INFO [core] **********************************************************************
2018-Jun-26 15:31:29.615594 ERROR [node_server] Failed to connect to any of seed peers, continuing without seeds
2018-Jun-26 15:31:46.619738 ERROR [node_server] Failed to connect to any of seed peers, continuing without seeds
2018-Jun-26 15:32:03.625300 ERROR [node_server] Failed to connect to any of seed peers, continuing without seeds
2018-Jun-26 15:32:20.631080 ERROR [node_server] Failed to connect to any of seed peers, continuing without seeds
2018-Jun-26 15:32:37.636851 ERROR [node_server] Failed to connect to any of seed peers, continuing without seeds
2018-Jun-26 15:32:54.642095 ERROR [node_server] Failed to connect to any of seed peers, continuing without seeds
2018-Jun-26 15:33:11.647187 ERROR [node_server] Failed to connect to any of seed peers, continuing without seeds
2018-Jun-26 15:33:28.652044 ERROR [node_server] Failed to connect to any of seed peers, continuing without seeds
2018-Jun-26 15:33:45.657782 ERROR [node_server] Failed to connect to any of seed peers, continuing without seeds
2018-Jun-26 15:34:02.664001 ERROR [node_server] Failed to connect to any of seed peers, continuing without seeds
2018-Jun-26 15:34:19.670113 ERROR [node_server] Failed to connect to any of seed peers, continuing without seeds
2018-Jun-26 15:34:24.334169 INFO [node_server] Stop signal sent
2018-Jun-26 15:34:24.334405 INFO [node_server] Stopping NodeServer and it's0 connections...
2018-Jun-26 15:34:34.336746 ERROR [node_server] Failed to connect to any of seed peers, continuing without seeds
2018-Jun-26 15:34:35.337554 INFO [node_server] NodeServer loop stopped
2018-Jun-26 15:34:35.337891 INFO [daemon] p2p net loop stopped
2018-Jun-26 15:34:35.337994 INFO [daemon] Stopping core rpc server...
2018-Jun-26 15:34:35.338157 INFO [daemon] Deinitializing core...
2018-Jun-26 15:34:35.338249 INFO [miner] Mining has been stopped, 0 finished
2018-Jun-26 15:34:35.338642 INFO [Blockchain] Saving blockchain...
2018-Jun-26 15:34:35.339557 INFO [BlockCacheSerializer] - saving block index...
2018-Jun-26 15:34:35.339986 INFO [BlockCacheSerializer] - saving transaction map...
2018-Jun-26 15:34:35.340212 INFO [BlockCacheSerializer] - saving spent keys...
2018-Jun-26 15:34:35.340428 INFO [BlockCacheSerializer] - saving outputs...
2018-Jun-26 15:34:35.340793 INFO [BlockCacheSerializer] - saving multi-signature outputs...
2018-Jun-26 15:34:35.341019 INFO [BlockCacheSerializer] - saving deposit index...
2018-Jun-26 15:34:35.341389 INFO [BlockCacheSerializer] Serialization time: 1ms
2018-Jun-26 15:34:35.341903 INFO [Blockchain] Saving blockchain indices...
2018-Jun-26 15:34:35.347919 INFO [BlockchainIndicesSerializer] - saving paymentID index...
2018-Jun-26 15:34:35.348216 INFO [BlockchainIndicesSerializer] - saving timestamp index...
2018-Jun-26 15:34:35.348709 INFO [BlockchainIndicesSerializer] - saving generated transactions index...
2018-Jun-26 15:34:35.349153 INFO [daemon] Deinitializing p2p...
2018-Jun-26 15:34:35.354917 INFO [miner] Mining has been stopped, 0 finished
2018-Jun-26 15:34:35.355660 INFO [daemon] Node stopped.
2018-Jun-26 16:23:07.592486 INFO [daemon] ecoin v0.1.3.1.0.3()
2018-Jun-26 16:23:07.593685 INFO [daemon] Module folder: ./ecoind
2018-Jun-26 16:23:07.596678 ERROR [checkpoints] WRONG HASH IN CHECKPOINTS!!!
2018-Jun-26 16:23:07.596874 INFO [daemon] Initializing p2p server...
2018-Jun-26 16:23:07.597515 INFO [node_server] Binding on 0.0.0.0:17236
2018-Jun-26 16:23:07.597679 INFO [node_server] Net service binded on 0.0.0.0:17236
2018-Jun-26 16:23:07.597798 INFO [node_server] Attempting to add IGD port mapping.
2018-Jun-26 16:23:11.605620 INFO [node_server] No IGD was found.
2018-Jun-26 16:23:11.605814 INFO [daemon] P2p server initialized OK
2018-Jun-26 16:23:11.605909 INFO [daemon] Initializing core...
2018-Jun-26 16:23:11.611457 INFO [Blockchain] Loading blockchain...
2018-Jun-26 16:23:11.614140 INFO [BlockCacheSerializer] - loading block index...
2018-Jun-26 16:23:11.615441 INFO [BlockCacheSerializer] - loading transaction map...
2018-Jun-26 16:23:11.615766 INFO [BlockCacheSerializer] - loading spent keys...
2018-Jun-26 16:23:11.616322 INFO [BlockCacheSerializer] - loading outputs...
2018-Jun-26 16:23:11.620962 INFO [BlockCacheSerializer] - loading multi-signature outputs...
2018-Jun-26 16:23:11.621481 INFO [BlockCacheSerializer] - loading deposit index...
2018-Jun-26 16:23:11.621728 INFO [BlockCacheSerializer] Serialization time: 8ms
2018-Jun-26 16:23:11.622123 INFO [Blockchain] Loading blockchain indices for BlockchainExplorer...
2018-Jun-26 16:23:11.623820 INFO [BlockchainIndicesSerializer] - loading paymentID index...
2018-Jun-26 16:23:11.624568 INFO [BlockchainIndicesSerializer] - loading timestamp index...
2018-Jun-26 16:23:11.624974 INFO [BlockchainIndicesSerializer] - loading generated transactions index...
2018-Jun-26 16:23:11.625279 INFO [Blockchain] Blockchain initialized. last block: 0, d168.h7.m49.s26 time ago, current difficulty: 1
2018-Jun-26 16:23:11.625970 INFO [daemon] Core initialized OK
2018-Jun-26 16:23:11.627629 INFO [daemon] Starting core rpc server on address 127.0.0.1:18236
2018-Jun-26 16:23:11.629411 INFO [daemon] Core rpc server started ok
2018-Jun-26 16:23:11.635005 INFO [daemon] Starting p2p net loop...
2018-Jun-26 16:23:11.636357 INFO [node_server] Starting node_server
2018-Jun-26 16:23:26.646152 ERROR [node_server] Failed to connect to any of seed peers, continuing without seeds
2018-Jun-26 16:23:26.646401 INFO [core] 
2018-Jun-26 16:23:26.646401 INFO [core] **********************************************************************
2018-Jun-26 16:23:26.646401 INFO [core] The daemon will start synchronizing with the network. It may take up to several hours.
2018-Jun-26 16:23:26.646401 INFO [core] 
2018-Jun-26 16:23:26.646401 INFO [core] You can set the level of process detailization* through "set_log <level>" command*, where <level> is between 0 (no details) and 4 (very verbose).
2018-Jun-26 16:23:26.646401 INFO [core] 
2018-Jun-26 16:23:26.646401 INFO [core] Use "help" command to see the list of available commands.
2018-Jun-26 16:23:26.646401 INFO [core] 
2018-Jun-26 16:23:26.646401 INFO [core] Note: in case you need to interrupt the process, use "exit" command. Otherwise, the current progress won't be saved.
2018-Jun-26 16:23:26.646401 INFO [core] **********************************************************************
2018-Jun-26 16:23:43.652861 ERROR [node_server] Failed to connect to any of seed peers, continuing without seeds
2018-Jun-26 16:24:00.658599 ERROR [node_server] Failed to connect to any of seed peers, continuing without seeds
2018-Jun-26 16:24:17.663988 ERROR [node_server] Failed to connect to any of seed peers, continuing without seeds
2018-Jun-26 16:24:34.668824 ERROR [node_server] Failed to connect to any of seed peers, continuing without seeds
2018-Jun-26 16:24:51.673161 ERROR [node_server] Failed to connect to any of seed peers, continuing without seeds
2018-Jun-26 16:25:08.677534 ERROR [node_server] Failed to connect to any of seed peers, continuing without seeds
2018-Jun-26 16:25:25.684048 ERROR [node_server] Failed to connect to any of seed peers, continuing without seeds
2018-Jun-26 16:25:42.688167 ERROR [node_server] Failed to connect to any of seed peers, continuing without seeds
2018-Jun-26 16:25:59.694160 ERROR [node_server] Failed to connect to any of seed peers, continuing without seeds
2018-Jun-26 16:26:16.698900 ERROR [node_server] Failed to connect to any of seed peers, continuing without seeds
2018-Jun-26 16:26:33.704158 ERROR [node_server] Failed to connect to any of seed peers, continuing without seeds
2018-Jun-26 16:26:40.441651 INFO [node_server] Stop signal sent
2018-Jun-26 16:26:40.441779 INFO [node_server] Stopping NodeServer and it's0 connections...
2018-Jun-26 16:26:47.577274 INFO [node_server] Stop signal sent
2018-Jun-26 16:26:49.116804 INFO [node_server] Stop signal sent
2018-Jun-26 16:26:49.682128 INFO [node_server] Stop signal sent
2018-Jun-26 16:26:50.444000 ERROR [node_server] Failed to connect to any of seed peers, continuing without seeds
2018-Jun-26 16:26:51.445146 INFO [node_server] NodeServer loop stopped
2018-Jun-26 16:26:51.445258 INFO [daemon] p2p net loop stopped
2018-Jun-26 16:26:51.445313 INFO [daemon] Stopping core rpc server...
2018-Jun-26 16:26:51.445407 INFO [daemon] Deinitializing core...
2018-Jun-26 16:26:51.445458 INFO [miner] Mining has been stopped, 0 finished
2018-Jun-26 16:26:51.445837 INFO [Blockchain] Saving blockchain...
2018-Jun-26 16:26:51.446414 INFO [BlockCacheSerializer] - saving block index...
2018-Jun-26 16:26:51.446787 INFO [BlockCacheSerializer] - saving transaction map...
2018-Jun-26 16:26:51.446947 INFO [BlockCacheSerializer] - saving spent keys...
2018-Jun-26 16:26:51.447084 INFO [BlockCacheSerializer] - saving outputs...
2018-Jun-26 16:26:51.448267 INFO [BlockCacheSerializer] - saving multi-signature outputs...
2018-Jun-26 16:26:51.448358 INFO [BlockCacheSerializer] - saving deposit index...
2018-Jun-26 16:26:51.448420 INFO [BlockCacheSerializer] Serialization time: 2ms
2018-Jun-26 16:26:51.448594 INFO [Blockchain] Saving blockchain indices...
2018-Jun-26 16:26:51.449077 INFO [BlockchainIndicesSerializer] - saving paymentID index...
2018-Jun-26 16:26:51.449153 INFO [BlockchainIndicesSerializer] - saving timestamp index...
2018-Jun-26 16:26:51.450745 INFO [BlockchainIndicesSerializer] - saving generated transactions index...
2018-Jun-26 16:26:51.452404 INFO [daemon] Deinitializing p2p...
2018-Jun-26 16:26:51.454654 INFO [miner] Mining has been stopped, 0 finished
2018-Jun-26 16:26:51.454841 INFO [daemon] Node stopped.
2018-Jun-26 16:57:19.693299 INFO [daemon] ecoin v0.1.3.1.0.3()
2018-Jun-26 16:57:19.699637 INFO [daemon] Module folder: ./ecoind
2018-Jun-26 16:57:19.702606 ERROR [checkpoints] WRONG HASH IN CHECKPOINTS!!!
2018-Jun-26 16:57:19.702729 INFO [daemon] Initializing p2p server...
2018-Jun-26 16:57:19.703427 INFO [node_server] Binding on 0.0.0.0:17236
2018-Jun-26 16:57:19.703498 INFO [node_server] Net service binded on 0.0.0.0:17236
2018-Jun-26 16:57:19.703535 INFO [node_server] Attempting to add IGD port mapping.
2018-Jun-26 16:57:23.709923 INFO [node_server] No IGD was found.
2018-Jun-26 16:57:23.710127 INFO [daemon] P2p server initialized OK
2018-Jun-26 16:57:23.710227 INFO [daemon] Initializing core...
2018-Jun-26 16:57:23.713971 INFO [Blockchain] Loading blockchain...
2018-Jun-26 16:57:23.717300 INFO [BlockCacheSerializer] - loading block index...
2018-Jun-26 16:57:23.718964 INFO [BlockCacheSerializer] - loading transaction map...
2018-Jun-26 16:57:23.719727 INFO [BlockCacheSerializer] - loading spent keys...
2018-Jun-26 16:57:23.719976 INFO [BlockCacheSerializer] - loading outputs...
2018-Jun-26 16:57:23.723748 INFO [BlockCacheSerializer] - loading multi-signature outputs...
2018-Jun-26 16:57:23.724509 INFO [BlockCacheSerializer] - loading deposit index...
2018-Jun-26 16:57:23.724791 INFO [BlockCacheSerializer] Serialization time: 8ms
2018-Jun-26 16:57:23.725568 INFO [Blockchain] Loading blockchain indices for BlockchainExplorer...
2018-Jun-26 16:57:23.726973 INFO [BlockchainIndicesSerializer] - loading paymentID index...
2018-Jun-26 16:57:23.727468 INFO [BlockchainIndicesSerializer] - loading timestamp index...
2018-Jun-26 16:57:23.727734 INFO [BlockchainIndicesSerializer] - loading generated transactions index...
2018-Jun-26 16:57:23.728577 INFO [Blockchain] Blockchain initialized. last block: 0, d168.h8.m23.s38 time ago, current difficulty: 1
2018-Jun-26 16:57:23.728872 INFO [daemon] Core initialized OK
2018-Jun-26 16:57:23.729786 INFO [daemon] Starting core rpc server on address 127.0.0.1:18236
2018-Jun-26 16:57:23.730178 INFO [daemon] Core rpc server started ok
2018-Jun-26 16:57:23.730682 INFO [daemon] Starting p2p net loop...
2018-Jun-26 16:57:23.730911 INFO [node_server] Starting node_server
2018-Jun-26 16:57:38.739433 ERROR [node_server] Failed to connect to any of seed peers, continuing without seeds
2018-Jun-26 16:57:38.739647 INFO [core] 
2018-Jun-26 16:57:38.739647 INFO [core] **********************************************************************
2018-Jun-26 16:57:38.739647 INFO [core] The daemon will start synchronizing with the network. It may take up to several hours.
2018-Jun-26 16:57:38.739647 INFO [core] 
2018-Jun-26 16:57:38.739647 INFO [core] You can set the level of process detailization* through "set_log <level>" command*, where <level> is between 0 (no details) and 4 (very verbose).
2018-Jun-26 16:57:38.739647 INFO [core] 
2018-Jun-26 16:57:38.739647 INFO [core] Use "help" command to see the list of available commands.
2018-Jun-26 16:57:38.739647 INFO [core] 
2018-Jun-26 16:57:38.739647 INFO [core] Note: in case you need to interrupt the process, use "exit" command. Otherwise, the current progress won't be saved.
2018-Jun-26 16:57:38.739647 INFO [core] **********************************************************************
2018-Jun-26 16:57:55.745669 ERROR [node_server] Failed to connect to any of seed peers, continuing without seeds
2018-Jun-26 16:58:12.751529 ERROR [node_server] Failed to connect to any of seed peers, continuing without seeds
2018-Jun-26 16:58:29.755720 ERROR [node_server] Failed to connect to any of seed peers, continuing without seeds
2018-Jun-26 16:58:35.555905 INFO [node_server] Stop signal sent
2018-Jun-26 16:58:35.556057 INFO [node_server] Stopping NodeServer and it's0 connections...
2018-Jun-26 16:58:45.558540 ERROR [node_server] Failed to connect to any of seed peers, continuing without seeds
2018-Jun-26 16:58:46.559864 INFO [node_server] NodeServer loop stopped
2018-Jun-26 16:58:46.560069 INFO [daemon] p2p net loop stopped
2018-Jun-26 16:58:46.560171 INFO [daemon] Stopping core rpc server...
2018-Jun-26 16:58:46.560585 INFO [daemon] Deinitializing core...
2018-Jun-26 16:58:46.560704 INFO [miner] Mining has been stopped, 0 finished
2018-Jun-26 16:58:46.561137 INFO [Blockchain] Saving blockchain...
2018-Jun-26 16:58:46.562058 INFO [BlockCacheSerializer] - saving block index...
2018-Jun-26 16:58:46.562527 INFO [BlockCacheSerializer] - saving transaction map...
2018-Jun-26 16:58:46.562787 INFO [BlockCacheSerializer] - saving spent keys...
2018-Jun-26 16:58:46.563027 INFO [BlockCacheSerializer] - saving outputs...
2018-Jun-26 16:58:46.563429 INFO [BlockCacheSerializer] - saving multi-signature outputs...
2018-Jun-26 16:58:46.563684 INFO [BlockCacheSerializer] - saving deposit index...
2018-Jun-26 16:58:46.566056 INFO [BlockCacheSerializer] Serialization time: 3ms
2018-Jun-26 16:58:46.566647 INFO [Blockchain] Saving blockchain indices...
2018-Jun-26 16:58:46.567865 INFO [BlockchainIndicesSerializer] - saving paymentID index...
2018-Jun-26 16:58:46.568688 INFO [BlockchainIndicesSerializer] - saving timestamp index...
2018-Jun-26 16:58:46.568970 INFO [BlockchainIndicesSerializer] - saving generated transactions index...
2018-Jun-26 16:58:46.569878 INFO [daemon] Deinitializing p2p...
2018-Jun-26 16:58:46.571579 INFO [miner] Mining has been stopped, 0 finished
2018-Jun-26 16:58:46.577661 INFO [daemon] Node stopped.
2018-Jun-26 16:59:16.558169 INFO [daemon] ecoin v0.1.3.1.0.3()
2018-Jun-26 16:59:16.558480 INFO [daemon] Module folder: ./ecoind
2018-Jun-26 16:59:16.559074 ERROR [checkpoints] WRONG HASH IN CHECKPOINTS!!!
2018-Jun-26 16:59:16.559222 INFO [daemon] Initializing p2p server...
2018-Jun-26 16:59:16.559408 INFO [node_server] Binding on 0.0.0.0:17236
2018-Jun-26 16:59:16.559478 INFO [node_server] Net service binded on 0.0.0.0:17236
2018-Jun-26 16:59:16.559519 INFO [node_server] Attempting to add IGD port mapping.
2018-Jun-26 16:59:20.566660 INFO [node_server] No IGD was found.
2018-Jun-26 16:59:20.566859 INFO [daemon] P2p server initialized OK
2018-Jun-26 16:59:20.566958 INFO [daemon] Initializing core...
2018-Jun-26 16:59:20.567649 INFO [Blockchain] Loading blockchain...
2018-Jun-26 16:59:20.569118 INFO [BlockCacheSerializer] - loading block index...
2018-Jun-26 16:59:20.569589 INFO [BlockCacheSerializer] - loading transaction map...
2018-Jun-26 16:59:20.569836 INFO [BlockCacheSerializer] - loading spent keys...
2018-Jun-26 16:59:20.570221 INFO [BlockCacheSerializer] - loading outputs...
2018-Jun-26 16:59:20.570600 INFO [BlockCacheSerializer] - loading multi-signature outputs...
2018-Jun-26 16:59:20.570832 INFO [BlockCacheSerializer] - loading deposit index...
2018-Jun-26 16:59:20.571056 INFO [BlockCacheSerializer] Serialization time: 1ms
2018-Jun-26 16:59:20.571453 INFO [Blockchain] Loading blockchain indices for BlockchainExplorer...
2018-Jun-26 16:59:20.571770 INFO [BlockchainIndicesSerializer] - loading paymentID index...
2018-Jun-26 16:59:20.572375 INFO [BlockchainIndicesSerializer] - loading timestamp index...
2018-Jun-26 16:59:20.572622 INFO [BlockchainIndicesSerializer] - loading generated transactions index...
2018-Jun-26 16:59:20.572906 INFO [Blockchain] Blockchain initialized. last block: 0, d168.h8.m25.s35 time ago, current difficulty: 1
2018-Jun-26 16:59:20.573149 INFO [daemon] Core initialized OK
2018-Jun-26 16:59:20.573670 INFO [daemon] Starting core rpc server on address 127.0.0.1:18236
2018-Jun-26 16:59:20.574026 INFO [daemon] Core rpc server started ok
2018-Jun-26 16:59:20.574441 INFO [daemon] Starting p2p net loop...
2018-Jun-26 16:59:20.574672 INFO [node_server] Starting node_server
2018-Jun-26 16:59:35.578218 ERROR [node_server] Failed to connect to any of seed peers, continuing without seeds
2018-Jun-26 16:59:35.578416 INFO [core] 
2018-Jun-26 16:59:35.578416 INFO [core] **********************************************************************
2018-Jun-26 16:59:35.578416 INFO [core] The daemon will start synchronizing with the network. It may take up to several hours.
2018-Jun-26 16:59:35.578416 INFO [core] 
2018-Jun-26 16:59:35.578416 INFO [core] You can set the level of process detailization* through "set_log <level>" command*, where <level> is between 0 (no details) and 4 (very verbose).
2018-Jun-26 16:59:35.578416 INFO [core] 
2018-Jun-26 16:59:35.578416 INFO [core] Use "help" command to see the list of available commands.
2018-Jun-26 16:59:35.578416 INFO [core] 
2018-Jun-26 16:59:35.578416 INFO [core] Note: in case you need to interrupt the process, use "exit" command. Otherwise, the current progress won't be saved.
2018-Jun-26 16:59:35.578416 INFO [core] **********************************************************************
2018-Jun-26 16:59:52.583949 ERROR [node_server] Failed to connect to any of seed peers, continuing without seeds
2018-Jun-26 16:59:56.686361 INFO [node_server] Stop signal sent
2018-Jun-26 16:59:56.686861 INFO [node_server] Stopping NodeServer and it's0 connections...
2018-Jun-26 17:00:06.691027 ERROR [node_server] Failed to connect to any of seed peers, continuing without seeds
2018-Jun-26 17:00:07.692251 INFO [node_server] NodeServer loop stopped
2018-Jun-26 17:00:07.692454 INFO [daemon] p2p net loop stopped
2018-Jun-26 17:00:07.692564 INFO [daemon] Stopping core rpc server...
2018-Jun-26 17:00:07.692741 INFO [daemon] Deinitializing core...
2018-Jun-26 17:00:07.692845 INFO [miner] Mining has been stopped, 0 finished
2018-Jun-26 17:00:07.693479 INFO [Blockchain] Saving blockchain...
2018-Jun-26 17:00:07.694398 INFO [BlockCacheSerializer] - saving block index...
2018-Jun-26 17:00:07.694693 INFO [BlockCacheSerializer] - saving transaction map...
2018-Jun-26 17:00:07.695131 INFO [BlockCacheSerializer] - saving spent keys...
2018-Jun-26 17:00:07.695392 INFO [BlockCacheSerializer] - saving outputs...
2018-Jun-26 17:00:07.695638 INFO [BlockCacheSerializer] - saving multi-signature outputs...
2018-Jun-26 17:00:07.696050 INFO [BlockCacheSerializer] - saving deposit index...
2018-Jun-26 17:00:07.696306 INFO [BlockCacheSerializer] Serialization time: 1ms
2018-Jun-26 17:00:07.697114 INFO [Blockchain] Saving blockchain indices...
2018-Jun-26 17:00:07.698016 INFO [BlockchainIndicesSerializer] - saving paymentID index...
2018-Jun-26 17:00:07.698300 INFO [BlockchainIndicesSerializer] - saving timestamp index...
2018-Jun-26 17:00:07.698562 INFO [BlockchainIndicesSerializer] - saving generated transactions index...
2018-Jun-26 17:00:07.699140 INFO [daemon] Deinitializing p2p...
2018-Jun-26 17:00:07.700448 INFO [miner] Mining has been stopped, 0 finished
2018-Jun-26 17:00:07.701515 INFO [daemon] Node stopped.
2018-Jun-26 17:00:27.424983 INFO [daemon] ecoin v0.1.3.1.0.3()
2018-Jun-26 17:00:27.425106 INFO [daemon] Module folder: ./ecoind
2018-Jun-26 17:00:27.425768 ERROR [checkpoints] WRONG HASH IN CHECKPOINTS!!!
2018-Jun-26 17:00:27.425904 INFO [daemon] Initializing p2p server...
2018-Jun-26 17:00:27.426043 INFO [node_server] Binding on 0.0.0.0:17236
2018-Jun-26 17:00:27.426195 INFO [node_server] Net service binded on 0.0.0.0:17236
2018-Jun-26 17:00:27.426368 INFO [node_server] Attempting to add IGD port mapping.
2018-Jun-26 17:00:31.434007 INFO [node_server] No IGD was found.
2018-Jun-26 17:00:31.434224 INFO [daemon] P2p server initialized OK
2018-Jun-26 17:00:31.434524 INFO [daemon] Initializing core...
2018-Jun-26 17:00:31.434773 INFO [Blockchain] Loading blockchain...
2018-Jun-26 17:00:31.435013 INFO [BlockCacheSerializer] - loading block index...
2018-Jun-26 17:00:31.435130 INFO [BlockCacheSerializer] - loading transaction map...
2018-Jun-26 17:00:31.435224 INFO [BlockCacheSerializer] - loading spent keys...
2018-Jun-26 17:00:31.435309 INFO [BlockCacheSerializer] - loading outputs...
2018-Jun-26 17:00:31.435572 INFO [BlockCacheSerializer] - loading multi-signature outputs...
2018-Jun-26 17:00:31.435662 INFO [BlockCacheSerializer] - loading deposit index...
2018-Jun-26 17:00:31.435747 INFO [BlockCacheSerializer] Serialization time: 0ms
2018-Jun-26 17:00:31.435849 INFO [Blockchain] Loading blockchain indices for BlockchainExplorer...
2018-Jun-26 17:00:31.436755 INFO [BlockchainIndicesSerializer] - loading paymentID index...
2018-Jun-26 17:00:31.437026 INFO [BlockchainIndicesSerializer] - loading timestamp index...
2018-Jun-26 17:00:31.437677 INFO [BlockchainIndicesSerializer] - loading generated transactions index...
2018-Jun-26 17:00:31.437993 INFO [Blockchain] Blockchain initialized. last block: 0, d168.h8.m26.s46 time ago, current difficulty: 1
2018-Jun-26 17:00:31.438435 INFO [daemon] Core initialized OK
2018-Jun-26 17:00:31.438862 INFO [daemon] Starting core rpc server on address 127.0.0.1:18236
2018-Jun-26 17:00:31.439432 INFO [daemon] Core rpc server started ok
2018-Jun-26 17:00:31.439907 INFO [daemon] Starting p2p net loop...
2018-Jun-26 17:00:31.440179 INFO [node_server] Starting node_server
2018-Jun-26 17:00:46.444310 ERROR [node_server] Failed to connect to any of seed peers, continuing without seeds
2018-Jun-26 17:00:46.444525 INFO [core] 
2018-Jun-26 17:00:46.444525 INFO [core] **********************************************************************
2018-Jun-26 17:00:46.444525 INFO [core] The daemon will start synchronizing with the network. It may take up to several hours.
2018-Jun-26 17:00:46.444525 INFO [core] 
2018-Jun-26 17:00:46.444525 INFO [core] You can set the level of process detailization* through "set_log <level>" command*, where <level> is between 0 (no details) and 4 (very verbose).
2018-Jun-26 17:00:46.444525 INFO [core] 
2018-Jun-26 17:00:46.444525 INFO [core] Use "help" command to see the list of available commands.
2018-Jun-26 17:00:46.444525 INFO [core] 
2018-Jun-26 17:00:46.444525 INFO [core] Note: in case you need to interrupt the process, use "exit" command. Otherwise, the current progress won't be saved.
2018-Jun-26 17:00:46.444525 INFO [core] **********************************************************************
2018-Jun-26 17:01:03.450089 ERROR [node_server] Failed to connect to any of seed peers, continuing without seeds
2018-Jun-26 17:01:06.352512 INFO [node_server] Stop signal sent
2018-Jun-26 17:01:06.352778 INFO [node_server] Stopping NodeServer and it's0 connections...
2018-Jun-26 17:01:16.355200 ERROR [node_server] Failed to connect to any of seed peers, continuing without seeds
2018-Jun-26 17:01:17.356516 INFO [node_server] NodeServer loop stopped
2018-Jun-26 17:01:17.356702 INFO [daemon] p2p net loop stopped
2018-Jun-26 17:01:17.356798 INFO [daemon] Stopping core rpc server...
2018-Jun-26 17:01:17.356993 INFO [daemon] Deinitializing core...
2018-Jun-26 17:01:17.357306 INFO [miner] Mining has been stopped, 0 finished
2018-Jun-26 17:01:17.358073 INFO [Blockchain] Saving blockchain...
2018-Jun-26 17:01:17.359387 INFO [BlockCacheSerializer] - saving block index...
2018-Jun-26 17:01:17.360287 INFO [BlockCacheSerializer] - saving transaction map...
2018-Jun-26 17:01:17.360573 INFO [BlockCacheSerializer] - saving spent keys...
2018-Jun-26 17:01:17.360825 INFO [BlockCacheSerializer] - saving outputs...
2018-Jun-26 17:01:17.361263 INFO [BlockCacheSerializer] - saving multi-signature outputs...
2018-Jun-26 17:01:17.361517 INFO [BlockCacheSerializer] - saving deposit index...
2018-Jun-26 17:01:17.361766 INFO [BlockCacheSerializer] Serialization time: 2ms
2018-Jun-26 17:01:17.362802 INFO [Blockchain] Saving blockchain indices...
2018-Jun-26 17:01:17.363628 INFO [BlockchainIndicesSerializer] - saving paymentID index...
2018-Jun-26 17:01:17.363904 INFO [BlockchainIndicesSerializer] - saving timestamp index...
2018-Jun-26 17:01:17.364442 INFO [BlockchainIndicesSerializer] - saving generated transactions index...
2018-Jun-26 17:01:17.365190 INFO [daemon] Deinitializing p2p...
2018-Jun-26 17:01:17.367050 INFO [miner] Mining has been stopped, 0 finished
2018-Jun-26 17:01:17.367562 INFO [daemon] Node stopped.
2018-Jun-26 17:30:41.442532 INFO [daemon] ecoin v0.1.3.1.0.3()
2018-Jun-26 17:30:41.442658 INFO [daemon] Module folder: ./ecoind
2018-Jun-26 17:30:41.443158 ERROR [checkpoints] WRONG HASH IN CHECKPOINTS!!!
2018-Jun-26 17:30:41.443298 INFO [daemon] Initializing p2p server...
2018-Jun-26 17:30:41.443474 INFO [node_server] Binding on 0.0.0.0:17236
2018-Jun-26 17:30:41.443542 INFO [node_server] Net service binded on 0.0.0.0:17236
2018-Jun-26 17:30:41.443583 INFO [node_server] Attempting to add IGD port mapping.
2018-Jun-26 17:30:45.451027 INFO [node_server] No IGD was found.
2018-Jun-26 17:30:45.451147 INFO [daemon] P2p server initialized OK
2018-Jun-26 17:30:45.451215 INFO [daemon] Initializing core...
2018-Jun-26 17:30:45.451348 INFO [Blockchain] Loading blockchain...
2018-Jun-26 17:30:45.451485 INFO [BlockCacheSerializer] - loading block index...
2018-Jun-26 17:30:45.451549 INFO [BlockCacheSerializer] - loading transaction map...
2018-Jun-26 17:30:45.451599 INFO [BlockCacheSerializer] - loading spent keys...
2018-Jun-26 17:30:45.451645 INFO [BlockCacheSerializer] - loading outputs...
2018-Jun-26 17:30:45.451693 INFO [BlockCacheSerializer] - loading multi-signature outputs...
2018-Jun-26 17:30:45.451738 INFO [BlockCacheSerializer] - loading deposit index...
2018-Jun-26 17:30:45.451783 INFO [BlockCacheSerializer] Serialization time: 0ms
2018-Jun-26 17:30:45.451941 INFO [Blockchain] Loading blockchain indices for BlockchainExplorer...
2018-Jun-26 17:30:45.452028 INFO [BlockchainIndicesSerializer] - loading paymentID index...
2018-Jun-26 17:30:45.452081 INFO [BlockchainIndicesSerializer] - loading timestamp index...
2018-Jun-26 17:30:45.452128 INFO [BlockchainIndicesSerializer] - loading generated transactions index...
2018-Jun-26 17:30:45.452204 INFO [Blockchain] Blockchain initialized. last block: 0, d168.h8.m57.s0 time ago, current difficulty: 1
2018-Jun-26 17:30:45.452263 INFO [daemon] Core initialized OK
2018-Jun-26 17:30:45.452624 INFO [daemon] Starting core rpc server on address 127.0.0.1:18236
2018-Jun-26 17:30:45.452942 INFO [daemon] Core rpc server started ok
2018-Jun-26 17:30:45.453098 INFO [daemon] Starting p2p net loop...
2018-Jun-26 17:30:45.453233 INFO [node_server] Starting node_server
2018-Jun-26 17:31:00.457962 ERROR [node_server] Failed to connect to any of seed peers, continuing without seeds
2018-Jun-26 17:31:00.458175 INFO [core] 
2018-Jun-26 17:31:00.458175 INFO [core] **********************************************************************
2018-Jun-26 17:31:00.458175 INFO [core] The daemon will start synchronizing with the network. It may take up to several hours.
2018-Jun-26 17:31:00.458175 INFO [core] 
2018-Jun-26 17:31:00.458175 INFO [core] You can set the level of process detailization* through "set_log <level>" command*, where <level> is between 0 (no details) and 4 (very verbose).
2018-Jun-26 17:31:00.458175 INFO [core] 
2018-Jun-26 17:31:00.458175 INFO [core] Use "help" command to see the list of available commands.
2018-Jun-26 17:31:00.458175 INFO [core] 
2018-Jun-26 17:31:00.458175 INFO [core] Note: in case you need to interrupt the process, use "exit" command. Otherwise, the current progress won't be saved.
2018-Jun-26 17:31:00.458175 INFO [core] **********************************************************************
2018-Jun-26 17:31:17.464086 ERROR [node_server] Failed to connect to any of seed peers, continuing without seeds
2018-Jun-26 17:31:34.469381 ERROR [node_server] Failed to connect to any of seed peers, continuing without seeds
2018-Jun-26 17:31:51.474643 ERROR [node_server] Failed to connect to any of seed peers, continuing without seeds
2018-Jun-26 17:32:08.479226 ERROR [node_server] Failed to connect to any of seed peers, continuing without seeds
2018-Jun-26 17:32:25.484198 ERROR [node_server] Failed to connect to any of seed peers, continuing without seeds
2018-Jun-26 17:32:42.489831 ERROR [node_server] Failed to connect to any of seed peers, continuing without seeds
2018-Jun-26 17:32:59.496867 ERROR [node_server] Failed to connect to any of seed peers, continuing without seeds
2018-Jun-26 17:33:16.502880 ERROR [node_server] Failed to connect to any of seed peers, continuing without seeds
2018-Jun-26 17:33:33.508500 ERROR [node_server] Failed to connect to any of seed peers, continuing without seeds
2018-Jun-26 17:33:50.513731 ERROR [node_server] Failed to connect to any of seed peers, continuing without seeds
2018-Jun-26 17:34:02.905309 INFO [node_server] Stop signal sent
2018-Jun-26 17:34:02.905700 INFO [node_server] Stopping NodeServer and it's0 connections...
2018-Jun-26 17:34:02.906201 ERROR [node_server] Failed to connect to any of seed peers, continuing without seeds
2018-Jun-26 17:34:03.907133 INFO [node_server] NodeServer loop stopped
2018-Jun-26 17:34:03.907312 INFO [daemon] p2p net loop stopped
2018-Jun-26 17:34:03.907402 INFO [daemon] Stopping core rpc server...
2018-Jun-26 17:34:03.907710 INFO [daemon] Deinitializing core...
2018-Jun-26 17:34:03.907813 INFO [miner] Mining has been stopped, 0 finished
2018-Jun-26 17:34:03.908207 INFO [Blockchain] Saving blockchain...
2018-Jun-26 17:34:03.908992 INFO [BlockCacheSerializer] - saving block index...
2018-Jun-26 17:34:03.909262 INFO [BlockCacheSerializer] - saving transaction map...
2018-Jun-26 17:34:03.909487 INFO [BlockCacheSerializer] - saving spent keys...
2018-Jun-26 17:34:03.909962 INFO [BlockCacheSerializer] - saving outputs...
2018-Jun-26 17:34:03.910184 INFO [BlockCacheSerializer] - saving multi-signature outputs...
2018-Jun-26 17:34:03.910403 INFO [BlockCacheSerializer] - saving deposit index...
2018-Jun-26 17:34:03.910783 INFO [BlockCacheSerializer] Serialization time: 1ms
2018-Jun-26 17:34:03.911153 INFO [Blockchain] Saving blockchain indices...
2018-Jun-26 17:34:03.911954 INFO [BlockchainIndicesSerializer] - saving paymentID index...
2018-Jun-26 17:34:03.912418 INFO [BlockchainIndicesSerializer] - saving timestamp index...
2018-Jun-26 17:34:03.912833 INFO [BlockchainIndicesSerializer] - saving generated transactions index...
2018-Jun-26 17:34:03.913209 INFO [daemon] Deinitializing p2p...
2018-Jun-26 17:34:03.914624 INFO [miner] Mining has been stopped, 0 finished
2018-Jun-26 17:34:03.915109 INFO [daemon] Node stopped.
